https://apod.nasa.gov/apod/ap211128.html
https://apod.nasa.gov/apod/ap210211.html
https://apod.nasa.gov/apod/ap211209.html
https://apod.nasa.gov/apod/ap210828.html
https://apod.nasa.gov/apod/ap211226.html
https://apod.nasa.gov/apod/ap210403.html
https://apod.nasa.gov/apod/ap211126.html
https://apod.nasa.gov/apod/ap210513.html
https://apod.nasa.gov/apod/ap210514.html
https://apod.nasa.gov/apod/ap210412.html
https://apod.nasa.gov/apod/ap210128.html
https://apod.nasa.gov/apod/ap210501.html
https://apod.nasa.gov/apod/ap210905.html
https://apod.nasa.gov/apod/ap210415.html
https://apod.nasa.gov/apod/ap210214.html
https://apod.nasa.gov/apod/ap211205.html
https://apod.nasa.gov/apod/ap210408.html
https://apod.nasa.gov/apod/ap210525.html
https://apod.nasa.gov/apod/ap211018.html
https://apod.nasa.gov/apod/ap211127.html
https://apod.nasa.gov/apod/ap211026.html
https://apod.nasa.gov/apod/ap210930.html
https://apod.nasa.gov/apod/ap210516.html
https://apod.nasa.gov/apod/ap211220.html
https://apod.nasa.gov/apod/ap210814.html
https://apod.nasa.gov/apod/ap210929.html
https://apod.nasa.gov/apod/ap210925.html
https://apod.nasa.gov/apod/ap210314.html
https://apod.nasa.gov/apod/ap210918.html
https://apod.nasa.gov/apod/ap210901.html
https://apod.nasa.gov/apod/ap210817.html
https://apod.nasa.gov/apod/ap211023.html
https://apod.nasa.gov/apod/ap211112.html
https://apod.nasa.gov/apod/ap210923.html
https://apod.nasa.gov/apod/ap210429.html
https://apod.nasa.gov/apod/ap210130.html
https://apod.nasa.gov/apod/ap211017.html
https://apod.nasa.gov/apod/ap210305.html
https://apod.nasa.gov/apod/ap210918.html
https://apod.nasa.gov/apod/ap211030.html
https://apod.nasa.gov/apod/ap211114.html
https://apod.nasa.gov/apod/ap210714.html
https://apod.nasa.gov/apod/ap210415.html
https://apod.nasa.gov/apod/ap210705.html
https://apod.nasa.gov/apod/ap210703.html
https://apod.nasa.gov/apod/ap210929.html
https://apod.nasa.gov/apod/ap210914.html
https://apod.nasa.gov/apod/ap210827.html
https://apod.nasa.gov/apod/ap210509.html
https://apod.nasa.gov/apod/ap210326.html
https://apod.nasa.gov/apod/ap210807.html
https://apod.nasa.gov/apod/ap211231.html
Traceback (most recent call last):
  File "/Users/jacobl/cron_jobs/scripts/soupv2.py", line 103, in <module>
    main()
  File "/Users/jacobl/cron_jobs/scripts/soupv2.py", line 98, in main
    up_scale(space_photo,date,description,resolution)
  File "/Users/jacobl/cron_jobs/scripts/soupv2.py", line 88, in up_scale
    resized = cv2.resize(img, dim, interpolation = cv2.INTER_LINEAR)
cv2.error: OpenCV(4.5.5) /Users/runner/work/opencv-python/opencv-python/opencv/modules/imgproc/src/resize.cpp:4052: error: (-215:Assertion failed) !ssize.empty() in function 'resize'

rm: /Users/jacobl/wallpaper/*_up.jpg: No such file or directory
https://apod.nasa.gov/apod/ap210907.html
https://apod.nasa.gov/apod/ap210504.html
https://apod.nasa.gov/apod/ap211223.html
https://apod.nasa.gov/apod/ap210818.html
https://apod.nasa.gov/apod/ap211017.html
https://apod.nasa.gov/apod/ap210521.html
https://apod.nasa.gov/apod/ap210620.html
https://apod.nasa.gov/apod/ap210211.html
https://apod.nasa.gov/apod/ap210922.html
https://apod.nasa.gov/apod/ap210708.html
https://apod.nasa.gov/apod/ap210610.html
https://apod.nasa.gov/apod/ap211103.html
https://apod.nasa.gov/apod/ap210227.html
https://apod.nasa.gov/apod/ap211224.html
https://apod.nasa.gov/apod/ap211220.html
https://apod.nasa.gov/apod/ap210828.html
https://apod.nasa.gov/apod/ap211019.html
https://apod.nasa.gov/apod/ap211022.html
https://apod.nasa.gov/apod/ap211109.html
https://apod.nasa.gov/apod/ap210305.html
https://apod.nasa.gov/apod/ap220105.html
https://apod.nasa.gov/apod/ap210314.html
https://apod.nasa.gov/apod/ap220118.html
https://apod.nasa.gov/apod/ap210907.html
https://apod.nasa.gov/apod/ap210908.html
https://apod.nasa.gov/apod/ap210206.html
https://apod.nasa.gov/apod/ap210303.html
https://apod.nasa.gov/apod/ap210206.html
https://apod.nasa.gov/apod/ap210806.html
https://apod.nasa.gov/apod/ap210128.html
https://apod.nasa.gov/apod/ap210122.html
https://apod.nasa.gov/apod/ap210525.html
https://apod.nasa.gov/apod/ap210613.html
https://apod.nasa.gov/apod/ap210522.html
https://apod.nasa.gov/apod/ap210221.html
https://apod.nasa.gov/apod/ap210706.html
https://apod.nasa.gov/apod/ap210123.html
https://apod.nasa.gov/apod/ap211111.html
https://apod.nasa.gov/apod/ap210416.html
https://apod.nasa.gov/apod/ap211116.html
https://apod.nasa.gov/apod/ap211006.html
https://apod.nasa.gov/apod/ap210511.html
https://apod.nasa.gov/apod/ap220116.html
https://apod.nasa.gov/apod/ap210527.html
https://apod.nasa.gov/apod/ap210205.html
https://apod.nasa.gov/apod/ap210518.html
https://apod.nasa.gov/apod/ap210925.html
https://apod.nasa.gov/apod/ap211101.html
https://apod.nasa.gov/apod/ap210126.html
https://apod.nasa.gov/apod/ap210707.html
https://apod.nasa.gov/apod/ap210905.html
https://apod.nasa.gov/apod/ap211116.html
https://apod.nasa.gov/apod/ap211231.html
Traceback (most recent call last):
  File "/Users/jacobl/cron_jobs/scripts/soupv2.py", line 103, in <module>
    main()
  File "/Users/jacobl/cron_jobs/scripts/soupv2.py", line 98, in main
    up_scale(space_photo,date,description,resolution)
  File "/Users/jacobl/cron_jobs/scripts/soupv2.py", line 88, in up_scale
    resized = cv2.resize(img, dim, interpolation = cv2.INTER_LINEAR)
cv2.error: OpenCV(4.5.5) /Users/runner/work/opencv-python/opencv-python/opencv/modules/imgproc/src/resize.cpp:4052: error: (-215:Assertion failed) !ssize.empty() in function 'resize'

https://apod.nasa.gov/apod/ap210628.html
https://apod.nasa.gov/apod/ap210322.html
https://apod.nasa.gov/apod/ap211215.html
https://apod.nasa.gov/apod/ap211008.html
https://apod.nasa.gov/apod/ap210313.html
https://apod.nasa.gov/apod/ap210623.html
https://apod.nasa.gov/apod/ap210507.html
https://apod.nasa.gov/apod/ap211028.html
https://apod.nasa.gov/apod/ap211109.html
https://apod.nasa.gov/apod/ap211218.html
https://apod.nasa.gov/apod/ap210501.html
https://apod.nasa.gov/apod/ap210604.html
https://apod.nasa.gov/apod/ap210422.html
https://apod.nasa.gov/apod/ap210816.html
https://apod.nasa.gov/apod/ap210815.html
https://apod.nasa.gov/apod/ap210806.html
https://apod.nasa.gov/apod/ap210822.html
https://apod.nasa.gov/apod/ap211016.html
https://apod.nasa.gov/apod/ap210124.html
https://apod.nasa.gov/apod/ap210226.html
https://apod.nasa.gov/apod/ap210709.html
https://apod.nasa.gov/apod/ap211121.html
https://apod.nasa.gov/apod/ap210724.html
https://apod.nasa.gov/apod/ap210528.html
https://apod.nasa.gov/apod/ap220112.html
https://apod.nasa.gov/apod/ap210401.html
https://apod.nasa.gov/apod/ap211129.html
https://apod.nasa.gov/apod/ap210822.html
https://apod.nasa.gov/apod/ap210828.html
https://apod.nasa.gov/apod/ap210614.html
https://apod.nasa.gov/apod/ap210820.html
https://apod.nasa.gov/apod/ap210314.html
https://apod.nasa.gov/apod/ap210811.html
https://apod.nasa.gov/apod/ap210707.html
https://apod.nasa.gov/apod/ap210611.html
